<?xml version="1.0" encoding="UTF-8"?>
<!-- Generated by org.testng.reporters.JUnitReportReporter -->
<testsuite hostname="LAPTOP-4CM22U13" failures="0" tests="1" name="testcases.KhanAcademyTest" time="12.755" errors="0" timestamp="2022-06-03T11:01:02 IST" skipped="0">
  <testcase classname="testcases.KhanAcademyTest" name="test" time="12.755"/>
  <system-out>
    <![CDATA[User is successfully navigated to Economics
User is successfully navigated to Finance and Capital markets]]>
  </system-out>
</testsuite> <!-- testcases.KhanAcademyTest -->
